Secret Diary/Secret Diary/task/build/intermediates/manifest_merge_blame_file/release/manifest-merger-blame-release-report.txt
1<?xml version="1.0" encoding="utf-8"?>
2<manifest xmlns:android="http://schemas.android.com/apk/res/android"
3    package="org.hyperskill.secretdiary"
4    android:versionCode="1"
5    android:versionName="1.0" >
6
7    <uses-sdk
8        android:minSdkVersion="20"
8-->src\main\AndroidManifest.xml
9        android:targetSdkVersion="29" />
9-->src\main\AndroidManifest.xml
10
11    <uses-permission android:name="android.permission.REORDER_TASKS" />
11-->[androidx.test:core:1.4.0] AndroidManifest.xml:24:5-72
11-->[androidx.test:core:1.4.0] AndroidManifest.xml:24:22-69
12
13    <application
13-->src\main\AndroidManifest.xml:5:5-24:19
14        android:allowBackup="true"
14-->src\main\AndroidManifest.xml:6:9-35
15        android:appComponentFactory="androidx.core.app.CoreComponentFactory"
15-->[androidx.core:core:1.6.0] AndroidManifest.xml:24:18-86
16        android:icon="@mipmap/ic_launcher"
16-->src\main\AndroidManifest.xml:7:9-43
17        android:label="Secret Diary"
17-->src\main\AndroidManifest.xml:8:9-37
18        android:roundIcon="@mipmap/ic_launcher_round"
18-->src\main\AndroidManifest.xml:9:9-54
19        android:supportsRtl="true"
19-->src\main\AndroidManifest.xml:10:9-35
20        android:theme="@style/AppTheme" >
20-->src\main\AndroidManifest.xml:11:9-40
21        <activity
21-->src\main\AndroidManifest.xml:12:9-14:40
22            android:name="org.hyperskill.secretdiary.LoginActivity"
22-->src\main\AndroidManifest.xml:13:13-42
23            android:exported="false" />
23-->src\main\AndroidManifest.xml:14:13-37
24        <activity
24-->src\main\AndroidManifest.xml:15:9-23:20
25            android:name="org.hyperskill.secretdiary.MainActivity"
25-->src\main\AndroidManifest.xml:16:13-41
26            android:exported="true" >
26-->src\main\AndroidManifest.xml:17:13-36
27            <intent-filter>
27-->src\main\AndroidManifest.xml:18:13-22:29
28                <action android:name="android.intent.action.MAIN" />
28-->src\main\AndroidManifest.xml:19:17-69
28-->src\main\AndroidManifest.xml:19:25-66
29
30                <category android:name="android.intent.category.LAUNCHER" />
30-->src\main\AndroidManifest.xml:21:17-77
30-->src\main\AndroidManifest.xml:21:27-74
31            </intent-filter>
32        </activity>
33        <activity
33-->[androidx.test:core:1.4.0] AndroidManifest.xml:27:9-34:20
34            android:name="androidx.test.core.app.InstrumentationActivityInvoker$BootstrapActivity"
34-->[androidx.test:core:1.4.0] AndroidManifest.xml:28:13-99
35            android:exported="true"
35-->[androidx.test:core:1.4.0] AndroidManifest.xml:29:13-36
36            android:theme="@android:style/Theme" >
36-->[androidx.test:core:1.4.0] AndroidManifest.xml:30:13-49
37            <intent-filter>
37-->[androidx.test:core:1.4.0] AndroidManifest.xml:31:13-33:29
38                <action android:name="android.intent.action.MAIN" />
38-->src\main\AndroidManifest.xml:19:17-69
38-->src\main\AndroidManifest.xml:19:25-66
39            </intent-filter>
40        </activity>
41        <activity
41-->[androidx.test:core:1.4.0] AndroidManifest.xml:35:9-42:20
42            android:name="androidx.test.core.app.InstrumentationActivityInvoker$EmptyActivity"
42-->[androidx.test:core:1.4.0] AndroidManifest.xml:36:13-95
43            android:exported="true"
43-->[androidx.test:core:1.4.0] AndroidManifest.xml:37:13-36
44            android:theme="@android:style/Theme" >
44-->[androidx.test:core:1.4.0] AndroidManifest.xml:38:13-49
45            <intent-filter>
45-->[androidx.test:core:1.4.0] AndroidManifest.xml:31:13-33:29
46                <action android:name="android.intent.action.MAIN" />
46-->src\main\AndroidManifest.xml:19:17-69
46-->src\main\AndroidManifest.xml:19:25-66
47            </intent-filter>
48        </activity>
49        <activity
49-->[androidx.test:core:1.4.0] AndroidManifest.xml:43:9-50:20
50            android:name="androidx.test.core.app.InstrumentationActivityInvoker$EmptyFloatingActivity"
50-->[androidx.test:core:1.4.0] AndroidManifest.xml:44:13-103
51            android:exported="true"
51-->[androidx.test:core:1.4.0] AndroidManifest.xml:45:13-36
52            android:theme="@android:style/Theme.Dialog" >
52-->[androidx.test:core:1.4.0] AndroidManifest.xml:46:13-56
53            <intent-filter>
53-->[androidx.test:core:1.4.0] AndroidManifest.xml:31:13-33:29
54                <action android:name="android.intent.action.MAIN" />
54-->src\main\AndroidManifest.xml:19:17-69
54-->src\main\AndroidManifest.xml:19:25-66
55            </intent-filter>
56        </activity>
57    </application>
58
59</manifest>